<?xml version="1.0" encoding="UTF-8"?>
<!-- Generated by org.testng.reporters.JUnitXMLReporter -->
<testsuite ignored="0" hostname="DESKTOP-VI8B0M9" failures="0" tests="3" name="Default test" time="0.098" errors="0" timestamp="2023-05-01T16:52:20 IST">
  <testcase classname="com.sgtesting.products.Products" name="createProduct" time="0.01"/>
  <testcase classname="com.sgtesting.products.Products" name="deleteProduct" time="0.002"/>
  <testcase classname="com.sgtesting.products.Products" name="modifyProduct" time="0.003"/>
</testsuite> <!-- Default test -->
