<?xml version="1.0" encoding="UTF-8"?>
<!-- Generated by org.testng.reporters.JUnitXMLReporter -->
<testsuite ignored="0" hostname="DESKTOP-VI8B0M9" failures="0" tests="3" name="users" time="0.066" errors="0" timestamp="2023-05-01T17:57:55 IST">
  <testcase classname="com.sgtesting.users.Users" name="createUser" time="0.007"/>
  <testcase classname="com.sgtesting.users.Users" name="deleteUser" time="0.001"/>
  <testcase classname="com.sgtesting.users.Users" name="modifyUser" time="0.001"/>
</testsuite> <!-- users -->
